<?xml version="1.0" encoding="UTF-8"?>
<!-- Generated by org.testng.reporters.JUnitReportReporter -->
<testsuite hostname="DESKTOP-F31FRO2" failures="0" tests="1" name="com.qa.testBase.TestBase" time="11.910" errors="0" timestamp="2022-04-11T10:41:23 IST" skipped="0">
  <testcase classname="com.qa.testBase.TestBase" name="openBrowser" time="11.910"/>
  <system-out/>
</testsuite> <!-- com.qa.testBase.TestBase -->
