<?xml version="1.0" encoding="UTF-8"?>
<!-- Generated by org.testng.reporters.JUnitReportReporter -->
<testsuite hostname="DESKTOP-F31FRO2" failures="0" tests="1" name="com.qa.testLayer.LoginTest" time="11.439" errors="0" timestamp="2022-04-11T11:03:49 IST" skipped="0">
  <testcase classname="com.qa.testLayer.LoginTest" name="verifyLogin" time="11.439"/>
  <system-out/>
</testsuite> <!-- com.qa.testLayer.LoginTest -->
