<?xml version="1.0" encoding="UTF-8"?>
<!-- Generated by org.testng.reporters.JUnitReportReporter -->
<testsuite hostname="DESKTOP-F31FRO2" failures="0" tests="2" name="com.qa.testLayer.LoginPageTest" time="11.739" errors="0" timestamp="2022-04-27T13:27:54 IST" skipped="0">
  <testcase classname="com.qa.testLayer.LoginPageTest" name="verifyLoginFunctionality" time="6.039"/>
  <system-out/>
  <testcase classname="com.qa.testLayer.LoginPageTest" name="verifyLoginFunctionality" time="5.700"/>
  <system-out/>
</testsuite> <!-- com.qa.testLayer.LoginPageTest -->
