<?xml version="1.0" encoding="UTF-8"?>
<!-- Generated by org.testng.reporters.JUnitReportReporter -->
<testsuite hostname="DESKTOP-F31FRO2" failures="0" tests="6" name="com.qa.testLayer.HomePageTest" time="38.591" errors="0" timestamp="2022-04-27T13:27:54 IST" skipped="0">
  <testcase classname="com.qa.testLayer.HomePageTest" name="verifySauceLabsBoltTShirt" time="6.624"/>
  <system-out/>
  <testcase classname="com.qa.testLayer.HomePageTest" name="verifySauceLabsBikeLight" time="7.188"/>
  <system-out/>
  <testcase classname="com.qa.testLayer.HomePageTest" name="verifySauceLabsBikeLight" time="5.962"/>
  <system-out/>
  <testcase classname="com.qa.testLayer.HomePageTest" name="verifySauceLabsOnesie" time="5.873"/>
  <system-out/>
  <testcase classname="com.qa.testLayer.HomePageTest" name="verifySauceLabsOnesie" time="6.618"/>
  <system-out/>
  <testcase classname="com.qa.testLayer.HomePageTest" name="verifySauceLabsBoltTShirt" time="6.326"/>
  <system-out/>
</testsuite> <!-- com.qa.testLayer.HomePageTest -->
